# JRE version: OpenJDK Runtime Environment (11.0.10) (build 11.0.10+0-b96-7249189)
# Java VM: OpenJDK 64-Bit Server VM (11.0.10+0-b96-7249189, mixed mode, tiered, compressed oops, g1 gc, windows-amd64)
Heap:
 garbage-first heap   total 188416K, used 44227K [0x0000000080000000, 0x0000000100000000)
  region size 1024K, 32 young (32768K), 5 survivors (5120K)
 Metaspace       used 23371K, capacity 23958K, committed 24192K, reserved 1071104K
  class space    used 2953K, capacity 3158K, committed 3200K, reserved 1048576K
GC Heap History (14 events):
Event: 3.034 GC heap before
{Heap before GC invocations=0 (full 0):
 garbage-first heap   total 188416K, used 12288K [0x0000000080000000, 0x0000000100000000)
  region size 1024K, 9 young (9216K), 0 survivors (0K)
 Metaspace       used 6219K, capacity 6329K, committed 6528K, reserved 1056768K
  class space    used 542K, capacity 578K, committed 640K, reserved 1048576K
}
Event: 3.335 GC heap after
{Heap after GC invocations=1 (full 0):
 garbage-first heap   total 188416K, used 1427K [0x0000000080000000, 0x0000000100000000)
  region size 1024K, 2 young (2048K), 2 survivors (2048K)
 Metaspace       used 6219K, capacity 6329K, committed 6528K, reserved 1056768K
  class space    used 542K, capacity 578K, committed 640K, reserved 1048576K
}
Event: 4.494 GC heap before
{Heap before GC invocations=1 (full 0):
 garbage-first heap   total 188416K, used 10643K [0x0000000080000000, 0x0000000100000000)
  region size 1024K, 9 young (9216K), 2 survivors (2048K)
 Metaspace       used 7213K, capacity 7380K, committed 7680K, reserved 1056768K
  class space    used 641K, capacity 715K, committed 768K, reserved 1048576K
}
Event: 4.502 GC heap after
{Heap after GC invocations=2 (full 0):
 garbage-first heap   total 188416K, used 8648K [0x0000000080000000, 0x0000000100000000)
  region size 1024K, 2 young (2048K), 2 survivors (2048K)
 Metaspace       used 7213K, capacity 7380K, committed 7680K, reserved 1056768K
  class space    used 641K, capacity 715K, committed 768K, reserved 1048576K
}
Event: 5.912 GC heap before
{Heap before GC invocations=2 (full 0):
 garbage-first heap   total 188416K, used 16840K [0x0000000080000000, 0x0000000100000000)
  region size 1024K, 10 young (10240K), 2 survivors (2048K)
 Metaspace       used 10254K, capacity 10463K, committed 10624K, reserved 1058816K
  class space    used 1063K, capacity 1109K, committed 1152K, reserved 1048576K
}
Event: 5.919 GC heap after
{Heap after GC invocations=3 (full 0):
 garbage-first heap   total 188416K, used 9703K [0x0000000080000000, 0x0000000100000000)
  region size 1024K, 1 young (1024K), 1 survivors (1024K)
 Metaspace       used 10254K, capacity 10463K, committed 10624K, reserved 1058816K
  class space    used 1063K, capacity 1109K, committed 1152K, reserved 1048576K
}
Event: 7.601 GC heap before
{Heap before GC invocations=3 (full 0):
 garbage-first heap   total 188416K, used 23015K [0x0000000080000000, 0x0000000100000000)
  region size 1024K, 15 young (15360K), 1 survivors (1024K)
 Metaspace       used 11168K, capacity 11448K, committed 11520K, reserved 1058816K
  class space    used 1165K, capacity 1245K, committed 1280K, reserved 1048576K
}
Event: 7.606 GC heap after
{Heap after GC invocations=4 (full 0):
 garbage-first heap   total 188416K, used 10067K [0x0000000080000000, 0x0000000100000000)
  region size 1024K, 2 young (2048K), 2 survivors (2048K)
 Metaspace       used 11168K, capacity 11448K, committed 11520K, reserved 1058816K
  class space    used 1165K, capacity 1245K, committed 1280K, reserved 1048576K
}
Event: 9.538 GC heap before
{Heap before GC invocations=4 (full 0):
 garbage-first heap   total 188416K, used 30547K [0x0000000080000000, 0x0000000100000000)
  region size 1024K, 22 young (22528K), 2 survivors (2048K)
 Metaspace       used 11237K, capacity 11512K, committed 11776K, reserved 1060864K
  class space    used 1167K, capacity 1245K, committed 1280K, reserved 1048576K
}
Event: 9.547 GC heap after
{Heap after GC invocations=5 (full 0):
 garbage-first heap   total 188416K, used 12724K [0x0000000080000000, 0x0000000100000000)
  region size 1024K, 3 young (3072K), 3 survivors (3072K)
 Metaspace       used 11237K, capacity 11512K, committed 11776K, reserved 1060864K
  class space    used 1167K, capacity 1245K, committed 1280K, reserved 1048576K
}
Event: 25.331 GC heap before
{Heap before GC invocations=5 (full 0):
 garbage-first heap   total 188416K, used 70068K [0x0000000080000000, 0x0000000100000000)
  region size 1024K, 59 young (60416K), 3 survivors (3072K)
 Metaspace       used 19604K, capacity 20094K, committed 20224K, reserved 1067008K
  class space    used 2386K, capacity 2543K, committed 2560K, reserved 1048576K
}
Event: 25.353 GC heap after
{Heap after GC invocations=6 (full 0):
 garbage-first heap   total 188416K, used 16820K [0x0000000080000000, 0x0000000100000000)
  region size 1024K, 7 young (7168K), 7 survivors (7168K)
 Metaspace       used 19604K, capacity 20094K, committed 20224K, reserved 1067008K
  class space    used 2386K, capacity 2543K, committed 2560K, reserved 1048576K
}
Event: 25.807 GC heap before
{Heap before GC invocations=6 (full 0):
 garbage-first heap   total 188416K, used 22964K [0x0000000080000000, 0x0000000100000000)
  region size 1024K, 14 young (14336K), 7 survivors (7168K)
 Metaspace       used 20589K, capacity 21096K, committed 21248K, reserved 1067008K
  class space    used 2501K, capacity 2690K, committed 2816K, reserved 1048576K
}
Event: 25.822 GC heap after
{Heap after GC invocations=7 (full 0):
 garbage-first heap   total 188416K, used 17603K [0x0000000080000000, 0x0000000100000000)
  region size 1024K, 5 young (5120K), 5 survivors (5120K)
 Metaspace       used 20589K, capacity 21096K, committed 21248K, reserved 1067008K
  class space    used 2501K, capacity 2690K, committed 2816K, reserved 1048576K
}

